<?xml version="1.0" encoding="UTF-8"?>
<!-- Generated by org.testng.reporters.JUnitReportReporter -->
<testsuite skipped="2" hostname="W00185VDI" name="com.uiFramework.ust.experian.testScripts.DrivingLicenseQueries" tests="2" failures="0" timestamp="20 Aug 2019 14:15:05 GMT" time="0.000" errors="0">
  <testcase name="ValidDLCheck" time="0.000" classname="com.uiFramework.ust.experian.testScripts.DrivingLicenseQueries">
    <skipped/>
  </testcase> <!-- ValidDLCheck -->
  <testcase name="InvalidDOB" time="0.000" classname="com.uiFramework.ust.experian.testScripts.DrivingLicenseQueries">
    <skipped/>
  </testcase> <!-- InvalidDOB -->
</testsuite> <!-- com.uiFramework.ust.experian.testScripts.DrivingLicenseQueries -->
